<<<<<<< Updated upstream
Warning[2054] C:\Users\Tom\Documents\Uni\Year 3\Semester 2\MTRX3700\Tuesday\Scales-Assignment\seven_b_4520.X\function_manager.c 39 : suspicious pointer conversion
Warning[2054] C:\Users\Tom\Documents\Uni\Year 3\Semester 2\MTRX3700\Tuesday\Scales-Assignment\seven_b_4520.X\function_manager.c 40 : suspicious pointer conversion
Warning[2054] C:\Users\Tom\Documents\Uni\Year 3\Semester 2\MTRX3700\Tuesday\Scales-Assignment\seven_b_4520.X\function_manager.c 41 : suspicious pointer conversion
Warning[2054] C:\Users\Tom\Documents\Uni\Year 3\Semester 2\MTRX3700\Tuesday\Scales-Assignment\seven_b_4520.X\function_manager.c 42 : suspicious pointer conversion
Warning[2054] C:\Users\Tom\Documents\Uni\Year 3\Semester 2\MTRX3700\Tuesday\Scales-Assignment\seven_b_4520.X\function_manager.c 43 : suspicious pointer conversion
Warning[2054] C:\Users\Tom\Documents\Uni\Year 3\Semester 2\MTRX3700\Tuesday\Scales-Assignment\seven_b_4520.X\function_manager.c 46 : suspicious pointer conversion
Warning[2054] C:\Users\Tom\Documents\Uni\Year 3\Semester 2\MTRX3700\Tuesday\Scales-Assignment\seven_b_4520.X\function_manager.c 47 : suspicious pointer conversion
Warning[2054] C:\Users\Tom\Documents\Uni\Year 3\Semester 2\MTRX3700\Tuesday\Scales-Assignment\seven_b_4520.X\function_manager.c 50 : suspicious pointer conversion
Warning[2054] C:\Users\Tom\Documents\Uni\Year 3\Semester 2\MTRX3700\Tuesday\Scales-Assignment\seven_b_4520.X\function_manager.c 51 : suspicious pointer conversion
Warning[2054] C:\Users\Tom\Documents\Uni\Year 3\Semester 2\MTRX3700\Tuesday\Scales-Assignment\seven_b_4520.X\function_manager.c 54 : suspicious pointer conversion
Warning[2054] C:\Users\Tom\Documents\Uni\Year 3\Semester 2\MTRX3700\Tuesday\Scales-Assignment\seven_b_4520.X\function_manager.c 55 : suspicious pointer conversion
Warning[2054] C:\Users\Tom\Documents\Uni\Year 3\Semester 2\MTRX3700\Tuesday\Scales-Assignment\seven_b_4520.X\function_manager.c 58 : suspicious pointer conversion
Warning[2054] C:\Users\Tom\Documents\Uni\Year 3\Semester 2\MTRX3700\Tuesday\Scales-Assignment\seven_b_4520.X\function_manager.c 61 : suspicious pointer conversion
Warning[2054] C:\Users\Tom\Documents\Uni\Year 3\Semester 2\MTRX3700\Tuesday\Scales-Assignment\seven_b_4520.X\function_manager.c 64 : suspicious pointer conversion
Warning[2054] C:\Users\Tom\Documents\Uni\Year 3\Semester 2\MTRX3700\Tuesday\Scales-Assignment\seven_b_4520.X\function_manager.c 67 : suspicious pointer conversion
Warning[2054] C:\Users\Tom\Documents\Uni\Year 3\Semester 2\MTRX3700\Tuesday\Scales-Assignment\seven_b_4520.X\function_manager.c 70 : suspicious pointer conversion
Warning[2054] C:\Users\Tom\Documents\Uni\Year 3\Semester 2\MTRX3700\Tuesday\Scales-Assignment\seven_b_4520.X\function_manager.c 73 : suspicious pointer conversion
Warning[2054] C:\Users\Tom\Documents\Uni\Year 3\Semester 2\MTRX3700\Tuesday\Scales-Assignment\seven_b_4520.X\function_manager.c 76 : suspicious pointer conversion
Warning[2054] C:\Users\Tom\Documents\Uni\Year 3\Semester 2\MTRX3700\Tuesday\Scales-Assignment\seven_b_4520.X\function_manager.c 81 : suspicious pointer conversion
Warning[2054] C:\Users\Tom\Documents\Uni\Year 3\Semester 2\MTRX3700\Tuesday\Scales-Assignment\seven_b_4520.X\function_manager.c 82 : suspicious pointer conversion
=======
Warning[2054] C:\Users\Aspen\OneDrive\2018\Semester 2\MTRX3700-Major\Git\Scales-Assignment\seven_b_4520.X\function_manager.c 41 : suspicious pointer conversion
Warning[2054] C:\Users\Aspen\OneDrive\2018\Semester 2\MTRX3700-Major\Git\Scales-Assignment\seven_b_4520.X\function_manager.c 42 : suspicious pointer conversion
Warning[2054] C:\Users\Aspen\OneDrive\2018\Semester 2\MTRX3700-Major\Git\Scales-Assignment\seven_b_4520.X\function_manager.c 43 : suspicious pointer conversion
Warning[2054] C:\Users\Aspen\OneDrive\2018\Semester 2\MTRX3700-Major\Git\Scales-Assignment\seven_b_4520.X\function_manager.c 44 : suspicious pointer conversion
Warning[2054] C:\Users\Aspen\OneDrive\2018\Semester 2\MTRX3700-Major\Git\Scales-Assignment\seven_b_4520.X\function_manager.c 45 : suspicious pointer conversion
Warning[2054] C:\Users\Aspen\OneDrive\2018\Semester 2\MTRX3700-Major\Git\Scales-Assignment\seven_b_4520.X\function_manager.c 48 : suspicious pointer conversion
Warning[2054] C:\Users\Aspen\OneDrive\2018\Semester 2\MTRX3700-Major\Git\Scales-Assignment\seven_b_4520.X\function_manager.c 49 : suspicious pointer conversion
Warning[2054] C:\Users\Aspen\OneDrive\2018\Semester 2\MTRX3700-Major\Git\Scales-Assignment\seven_b_4520.X\function_manager.c 52 : suspicious pointer conversion
Warning[2054] C:\Users\Aspen\OneDrive\2018\Semester 2\MTRX3700-Major\Git\Scales-Assignment\seven_b_4520.X\function_manager.c 53 : suspicious pointer conversion
Warning[2054] C:\Users\Aspen\OneDrive\2018\Semester 2\MTRX3700-Major\Git\Scales-Assignment\seven_b_4520.X\function_manager.c 56 : suspicious pointer conversion
Warning[2054] C:\Users\Aspen\OneDrive\2018\Semester 2\MTRX3700-Major\Git\Scales-Assignment\seven_b_4520.X\function_manager.c 57 : suspicious pointer conversion
Warning[2054] C:\Users\Aspen\OneDrive\2018\Semester 2\MTRX3700-Major\Git\Scales-Assignment\seven_b_4520.X\function_manager.c 60 : suspicious pointer conversion
Warning[2054] C:\Users\Aspen\OneDrive\2018\Semester 2\MTRX3700-Major\Git\Scales-Assignment\seven_b_4520.X\function_manager.c 63 : suspicious pointer conversion
Warning[2054] C:\Users\Aspen\OneDrive\2018\Semester 2\MTRX3700-Major\Git\Scales-Assignment\seven_b_4520.X\function_manager.c 66 : suspicious pointer conversion
Warning[2054] C:\Users\Aspen\OneDrive\2018\Semester 2\MTRX3700-Major\Git\Scales-Assignment\seven_b_4520.X\function_manager.c 69 : suspicious pointer conversion
Warning[2054] C:\Users\Aspen\OneDrive\2018\Semester 2\MTRX3700-Major\Git\Scales-Assignment\seven_b_4520.X\function_manager.c 72 : suspicious pointer conversion
Warning[2054] C:\Users\Aspen\OneDrive\2018\Semester 2\MTRX3700-Major\Git\Scales-Assignment\seven_b_4520.X\function_manager.c 75 : suspicious pointer conversion
Warning[2054] C:\Users\Aspen\OneDrive\2018\Semester 2\MTRX3700-Major\Git\Scales-Assignment\seven_b_4520.X\function_manager.c 78 : suspicious pointer conversion
Warning[2054] C:\Users\Aspen\OneDrive\2018\Semester 2\MTRX3700-Major\Git\Scales-Assignment\seven_b_4520.X\function_manager.c 83 : suspicious pointer conversion
Warning[2054] C:\Users\Aspen\OneDrive\2018\Semester 2\MTRX3700-Major\Git\Scales-Assignment\seven_b_4520.X\function_manager.c 84 : suspicious pointer conversion
>>>>>>> Stashed changes
